<?xml version="1.0" encoding="UTF-8"?>
<!-- Generated by org.testng.reporters.JUnitReportReporter -->
<testsuite skipped="0" hostname="SKAR1201142" name="br.com.RsiHub3.ProjetoWebTDD.TestNG.TesteLoginNG" tests="2" failures="0" timestamp="2020-03-25T10:04:10 BRT" time="27.439" errors="0">
  <testcase name="LoginCOMSucesso" time="13.368" classname="br.com.RsiHub3.ProjetoWebTDD.TestNG.TesteLoginNG"/>
  <system-out/>
  <testcase name="TesteLoginSEMSucesso" time="14.071" classname="br.com.RsiHub3.ProjetoWebTDD.TestNG.TesteLoginNG"/>
  <system-out/>
</testsuite> <!-- br.com.RsiHub3.ProjetoWebTDD.TestNG.TesteLoginNG -->
