<?xml version="1.0" encoding="UTF-8"?>
<!-- Generated by org.testng.reporters.JUnitReportReporter -->
<testsuite skipped="0" hostname="SKAR1201142" name="br.com.RsiHub3.ProjetoWebTDD.TestNG.TestCadastroNG" tests="2" failures="0" timestamp="2020-03-26T11:51:19 BRT" time="65.183" errors="0">
  <testcase name="PreencherCadastroCOMSucesso" time="33.486" classname="br.com.RsiHub3.ProjetoWebTDD.TestNG.TestCadastroNG"/>
  <system-out/>
  <testcase name="PreencherCadastroSEMSucesso" time="31.697" classname="br.com.RsiHub3.ProjetoWebTDD.TestNG.TestCadastroNG"/>
  <system-out/>
</testsuite> <!-- br.com.RsiHub3.ProjetoWebTDD.TestNG.TestCadastroNG -->
