<?xml version="1.0" encoding="UTF-8"?>
<!-- Generated by org.testng.reporters.JUnitReportReporter -->
<testsuite skipped="0" hostname="SKAR1201142" name="br.com.RsiHub3.ProjetoWebTDD.TestNG.TesteLogin" tests="2" failures="0" timestamp="2020-03-26T11:40:01 BRT" time="43.384" errors="0">
  <testcase name="LoginCOMSucesso" time="22.339" classname="br.com.RsiHub3.ProjetoWebTDD.TestNG.TesteLogin"/>
  <system-out/>
  <testcase name="TesteLoginSEMSucesso" time="21.045" classname="br.com.RsiHub3.ProjetoWebTDD.TestNG.TesteLogin"/>
  <system-out/>
</testsuite> <!-- br.com.RsiHub3.ProjetoWebTDD.TestNG.TesteLogin -->
