<?xml version="1.0" encoding="UTF-8"?>
<!-- Generated by org.testng.reporters.JUnitReportReporter -->
<testsuite skipped="0" hostname="SKAR1201142" name="br.com.RsiHub3.ProjetoWebTDD.TestNG.TestePesquisaLupaNG" tests="2" failures="0" timestamp="2020-03-25T10:00:27 BRT" time="29.341" errors="0">
  <testcase name="PesquisaLupaSEMSucesso" time="14.216" classname="br.com.RsiHub3.ProjetoWebTDD.TestNG.TestePesquisaLupaNG"/>
  <system-out/>
  <testcase name="PesquisaLupaCOMSucesso" time="15.125" classname="br.com.RsiHub3.ProjetoWebTDD.TestNG.TestePesquisaLupaNG"/>
  <system-out/>
</testsuite> <!-- br.com.RsiHub3.ProjetoWebTDD.TestNG.TestePesquisaLupaNG -->
