<?xml version="1.0" encoding="UTF-8"?>
<!-- Generated by org.testng.reporters.JUnitReportReporter -->
<testsuite skipped="0" hostname="SKAR1201142" name="br.com.RsiHub3.ProjetoWebTDD.TestNG.ReportTest" tests="2" failures="0" timestamp="2020-03-25T15:44:03 BRT" time="31.412" errors="0">
  <testcase name="TesteLoginSEMSucesso" time="15.283" classname="br.com.RsiHub3.ProjetoWebTDD.TestNG.ReportTest"/>
  <system-out/>
  <testcase name="LoginCOMSucesso" time="16.129" classname="br.com.RsiHub3.ProjetoWebTDD.TestNG.ReportTest"/>
  <system-out/>
</testsuite> <!-- br.com.RsiHub3.ProjetoWebTDD.TestNG.ReportTest -->
