<?xml version="1.0" encoding="UTF-8"?>
<!-- Generated by org.testng.reporters.JUnitReportReporter -->
<testsuite skipped="0" hostname="SKAR1201142" name="br.com.RsiHub3.ProjetoWebTDD.TestNG.TesteLogin" tests="2" failures="0" timestamp="2020-03-30T09:53:22 BRT" time="35.967" errors="0">
  <testcase name="LoginCOMSucesso" time="19.040" classname="br.com.RsiHub3.ProjetoWebTDD.TestNG.TesteLogin"/>
  <system-out/>
  <testcase name="TesteLoginSEMSucesso" time="16.927" classname="br.com.RsiHub3.ProjetoWebTDD.TestNG.TesteLogin"/>
  <system-out/>
</testsuite> <!-- br.com.RsiHub3.ProjetoWebTDD.TestNG.TesteLogin -->
