<?xml version="1.0" encoding="UTF-8"?>
<!-- Generated by org.testng.reporters.JUnitReportReporter -->
<testsuite skipped="0" hostname="SKAR1201142" name="br.com.RsiHub3.ProjetoWebTDD.TestNG.TesteLogin" tests="2" failures="0" timestamp="2020-03-26T17:07:26 BRT" time="36.980" errors="0">
  <testcase name="LoginCOMSucesso" time="20.330" classname="br.com.RsiHub3.ProjetoWebTDD.TestNG.TesteLogin"/>
  <system-out/>
  <testcase name="TesteLoginSEMSucesso" time="16.650" classname="br.com.RsiHub3.ProjetoWebTDD.TestNG.TesteLogin"/>
  <system-out/>
</testsuite> <!-- br.com.RsiHub3.ProjetoWebTDD.TestNG.TesteLogin -->
