<?xml version="1.0" encoding="UTF-8"?>
<!-- Generated by org.testng.reporters.JUnitReportReporter -->
<testsuite skipped="0" hostname="SKAR1201142" name="br.com.RsiHub3.ProjetoWebTDD.TestNG.TesteCadastro" tests="1" failures="0" timestamp="2020-03-26T17:08:22 BRT" time="32.300" errors="0">
  <testcase name="PreencherCadastroSEMSucesso" time="32.300" classname="br.com.RsiHub3.ProjetoWebTDD.TestNG.TesteCadastro"/>
  <system-out/>
</testsuite> <!-- br.com.RsiHub3.ProjetoWebTDD.TestNG.TesteCadastro -->
