<?xml version="1.0" encoding="UTF-8"?>
<!-- Generated by org.testng.reporters.JUnitReportReporter -->
<testsuite skipped="0" hostname="SKAR1201142" name="br.com.RsiHub3.ProjetoWebTDD.TestNG.TestePesquisaTelaInicial" tests="2" failures="0" timestamp="2020-03-27T15:33:10 BRT" time="33.644" errors="0">
  <testcase name="PesquisaPelaTelaInicialCOMSucesso" time="18.610" classname="br.com.RsiHub3.ProjetoWebTDD.TestNG.TestePesquisaTelaInicial"/>
  <system-out/>
  <testcase name="PesquisaPelaTelaInicialSEMSucesso" time="15.034" classname="br.com.RsiHub3.ProjetoWebTDD.TestNG.TestePesquisaTelaInicial"/>
  <system-out/>
</testsuite> <!-- br.com.RsiHub3.ProjetoWebTDD.TestNG.TestePesquisaTelaInicial -->
