<?xml version="1.0" encoding="UTF-8"?>
<!-- Generated by org.testng.reporters.JUnitReportReporter -->
<testsuite skipped="0" hostname="SKAR1201142" name="br.com.RsiHub3.ProjetoWebTDD.TestNG.TestePesquisaLupa" tests="2" failures="0" timestamp="2020-03-30T18:01:04 BRT" time="38.568" errors="0">
  <testcase name="PesquisaLupaCOMSucesso" time="21.194" classname="br.com.RsiHub3.ProjetoWebTDD.TestNG.TestePesquisaLupa"/>
  <system-out/>
  <testcase name="PesquisaLupaSEMSucesso" time="17.374" classname="br.com.RsiHub3.ProjetoWebTDD.TestNG.TestePesquisaLupa"/>
  <system-out/>
</testsuite> <!-- br.com.RsiHub3.ProjetoWebTDD.TestNG.TestePesquisaLupa -->
