<?xml version="1.0" encoding="UTF-8"?>
<!-- Generated by org.testng.reporters.JUnitReportReporter -->
<testsuite skipped="0" hostname="SKAR1201142" name="br.com.RsiHub3.ProjetoWebTDD.TestNG.TestePesquisaTelaInicialNG" tests="2" failures="0" timestamp="2020-03-25T10:01:57 BRT" time="32.838" errors="0">
  <testcase name="PesquisaPelaTelaInicialCOMSucesso" time="17.599" classname="br.com.RsiHub3.ProjetoWebTDD.TestNG.TestePesquisaTelaInicialNG"/>
  <system-out/>
  <testcase name="PesquisaPelaTelaInicialSEMSucesso" time="15.239" classname="br.com.RsiHub3.ProjetoWebTDD.TestNG.TestePesquisaTelaInicialNG"/>
  <system-out/>
</testsuite> <!-- br.com.RsiHub3.ProjetoWebTDD.TestNG.TestePesquisaTelaInicialNG -->
