<?xml version="1.0" encoding="UTF-8"?>
<!-- Generated by org.testng.reporters.JUnitReportReporter -->
<testsuite skipped="0" hostname="SKAR1201142" name="br.com.RsiHub3.ProjetoWebTDD.TestNG.TestePesquisaLupa" tests="2" failures="0" timestamp="2020-03-26T17:09:26 BRT" time="35.507" errors="0">
  <testcase name="PesquisaLupaCOMSucesso" time="18.096" classname="br.com.RsiHub3.ProjetoWebTDD.TestNG.TestePesquisaLupa"/>
  <system-out/>
  <testcase name="PesquisaLupaSEMSucesso" time="17.411" classname="br.com.RsiHub3.ProjetoWebTDD.TestNG.TestePesquisaLupa"/>
  <system-out/>
</testsuite> <!-- br.com.RsiHub3.ProjetoWebTDD.TestNG.TestePesquisaLupa -->
