<?xml version="1.0" encoding="UTF-8"?>
<!-- Generated by org.testng.reporters.JUnitReportReporter -->
<testsuite skipped="0" hostname="SKAR1201142" name="br.com.RsiHub3.ProjetoWebTDD.TestNG.TestePesquisaTelaInicialNG" tests="2" failures="0" timestamp="2020-03-26T12:57:05 BRT" time="36.676" errors="0">
  <testcase name="PesquisaPelaTelaInicialCOMSucesso" time="21.749" classname="br.com.RsiHub3.ProjetoWebTDD.TestNG.TestePesquisaTelaInicialNG"/>
  <system-out/>
  <testcase name="PesquisaPelaTelaInicialSEMSucesso" time="14.927" classname="br.com.RsiHub3.ProjetoWebTDD.TestNG.TestePesquisaTelaInicialNG"/>
  <system-out/>
</testsuite> <!-- br.com.RsiHub3.ProjetoWebTDD.TestNG.TestePesquisaTelaInicialNG -->
