<?xml version="1.0" encoding="UTF-8"?>
<!-- Generated by org.testng.reporters.JUnitReportReporter -->
<testsuite skipped="0" hostname="SKAR1201142" name="br.com.RsiHub3.ProjetoWebTDD.TestNG.TestePesquisaLupaNG" tests="2" failures="0" timestamp="2020-03-26T12:02:08 BRT" time="34.714" errors="0">
  <testcase name="PesquisaLupaCOMSucesso" time="18.147" classname="br.com.RsiHub3.ProjetoWebTDD.TestNG.TestePesquisaLupaNG"/>
  <system-out/>
  <testcase name="PesquisaLupaSEMSucesso" time="16.567" classname="br.com.RsiHub3.ProjetoWebTDD.TestNG.TestePesquisaLupaNG"/>
  <system-out/>
</testsuite> <!-- br.com.RsiHub3.ProjetoWebTDD.TestNG.TestePesquisaLupaNG -->
