<?xml version="1.0" encoding="UTF-8"?>
<!-- Generated by org.testng.reporters.JUnitReportReporter -->
<testsuite skipped="0" hostname="SKAR1201142" name="br.com.RsiHub3.ProjetoWebTDD.TestNG.TestePesquisaTelaInicial" tests="2" failures="0" timestamp="2020-03-30T09:54:58 BRT" time="33.667" errors="0">
  <testcase name="PesquisaPelaTelaInicialCOMSucesso" time="18.753" classname="br.com.RsiHub3.ProjetoWebTDD.TestNG.TestePesquisaTelaInicial"/>
  <system-out/>
  <testcase name="PesquisaPelaTelaInicialSEMSucesso" time="14.914" classname="br.com.RsiHub3.ProjetoWebTDD.TestNG.TestePesquisaTelaInicial"/>
  <system-out/>
</testsuite> <!-- br.com.RsiHub3.ProjetoWebTDD.TestNG.TestePesquisaTelaInicial -->
