<?xml version="1.0" encoding="UTF-8"?>
<!-- Generated by org.testng.reporters.JUnitReportReporter -->
<testsuite skipped="0" hostname="SKAR1201142" name="br.com.RsiHub3.ProjetoWebTDD.TestNG.TestCadastroNG" tests="2" failures="0" timestamp="2020-03-25T15:51:48 BRT" time="60.241" errors="0">
  <testcase name="PreencherCadastroSEMSucesso" time="29.631" classname="br.com.RsiHub3.ProjetoWebTDD.TestNG.TestCadastroNG"/>
  <system-out/>
  <testcase name="PreencherCadastroCOMSucesso" time="30.610" classname="br.com.RsiHub3.ProjetoWebTDD.TestNG.TestCadastroNG"/>
  <system-out/>
</testsuite> <!-- br.com.RsiHub3.ProjetoWebTDD.TestNG.TestCadastroNG -->
