<?xml version="1.0" encoding="UTF-8"?>
<!-- Generated by org.testng.reporters.JUnitReportReporter -->
<testsuite skipped="0" hostname="SKAR1201142" name="br.com.RsiHub3.ProjetoWebTDD.TestNG.TestCadastroNG" tests="2" failures="0" timestamp="2020-03-25T09:56:43 BRT" time="58.623" errors="0">
  <testcase name="PreencherCadastroCOMSucesso" time="31.353" classname="br.com.RsiHub3.ProjetoWebTDD.TestNG.TestCadastroNG"/>
  <system-out/>
  <testcase name="PreencherCadastroSEMSucesso" time="27.270" classname="br.com.RsiHub3.ProjetoWebTDD.TestNG.TestCadastroNG"/>
  <system-out/>
</testsuite> <!-- br.com.RsiHub3.ProjetoWebTDD.TestNG.TestCadastroNG -->
